<?xml version="1.0" encoding="UTF-8"?>
<!-- Generated by org.testng.reporters.JUnitXMLReporter -->
<testsuite hostname="DESKTOP-FID49DI" ignored="0" name="Default test" tests="4" failures="0" timestamp="2021-05-15T22:53:15 IST" time="191.912" errors="0">
  <testcase name="isEnglishWord_Negative1" time="185.828" classname="com.publicis.sapient.test.DictionaryTest"/>
  <testcase name="isEnglishWord_Negative2" time="4.351" classname="com.publicis.sapient.test.DictionaryTest"/>
  <testcase name="isEnglishWord_Negative3" time="1.158" classname="com.publicis.sapient.test.DictionaryTest"/>
  <testcase name="isEnglishWord_Positive" time="0.279" classname="com.publicis.sapient.test.DictionaryTest"/>
</testsuite> <!-- Default test -->
